<?xml version="1.0" encoding="UTF-8"?>
<testsuite xmlns:xsi="http://www.w3.org/2001/XMLSchema-instance" xsi:noNamespaceSchemaLocation="https://maven.apache.org/surefire/maven-surefire-plugin/xsd/surefire-test-report-3.0.xsd" version="3.0" name="com.forja.web.AuthAndSecurityIntegrationTest" time="12.258" tests="10" errors="0" skipped="0" failures="0">
  <properties>
[...]
</properties>
  <testcase name="loginWithValidCredentialsReturnsToken" classname="com.forja.web.AuthAndSecurityIntegrationTest" time="0.591">
    <system-out><![CDATA[16:32:58.502 [main] INFO org.springframework.test.context.support.AnnotationConfigContextLoaderUtils -- Could not detect default configuration classes for test class [com.forja.web.AuthAndSecurityIntegrationTest]: AuthAndSecurityIntegrationTest does not declare any static, non-private, non-final, nested classes annotated with @Configuration.
16:32:58.805 [main] INFO org.springframework.boot.test.context.SpringBootTestContextBootstrapper -- Found @SpringBootConfiguration com.forja.ForjaApplication for test class com.forja.web.AuthAndSecurityIntegrationTest

  .   ____          _            __ _ _
 /\\ / ___'_ __ _ _(_)_ __  __ _ \ \ \ \
( ( )\___ | '_ | '_| | '_ \/ _` | \ \ \ \
 \\/  ___)| |_)| | | | | || (_| |  ) ) ) )
  '  |____| .__|_| |_|_| |_\__, | / / / /
 =========|_|==============|___/=/_/_/_/

 :: Spring Boot ::                (v3.3.5)

2026-08-20T16:32:59.634-03:00  INFO 37756 --- [forja-api] [           main] c.f.web.AuthAndSecurityIntegrationTest   : Starting AuthAndSecurityIntegrationTest using Java 25.0.3 with PID 37756 (started by luiz Rhoss in C:\Users\luizr\OneDrive\Documentos\programas-git\ultra-exercises\ultra-exercises\backend)
2026-08-20T16:32:59.636-03:00  INFO 37756 --- [forja-api] [           main] c.f.web.AuthAndSecurityIntegrationTest   : The following 1 profile is active: "test"
2026-08-20T16:33:01.515-03:00  INFO 37756 --- [forja-api] [           main] .s.d.r.c.RepositoryConfigurationDelegate : Bootstrapping Spring Data JPA repositories in DEFAULT mode.
2026-08-20T16:33:01.682-03:00  INFO 37756 --- [forja-api] [           main] .s.d.r.c.RepositoryConfigurationDelegate : Finished Spring Data repository scanning in 150 ms. Found 7 JPA repository interfaces.
2026-08-20T16:33:02.675-03:00  INFO 37756 --- [forja-api] [           main] com.zaxxer.hikari.HikariDataSource       : HikariPool-1 - Starting...
2026-08-20T16:33:02.891-03:00  INFO 37756 --- [forja-api] [           main] com.zaxxer.hikari.pool.HikariPool        : HikariPool-1 - Added connection org.postgresql.jdbc.PgConnection@4abdd5e
2026-08-20T16:33:02.893-03:00  INFO 37756 --- [forja-api] [           main] com.zaxxer.hikari.HikariDataSource       : HikariPool-1 - Start completed.
2026-08-20T16:33:02.926-03:00  INFO 37756 --- [forja-api] [           main] org.flywaydb.core.FlywayExecutor         : Database: jdbc:postgresql://localhost:5434/forja_test (PostgreSQL 16.14)
2026-08-20T16:33:02.997-03:00  INFO 37756 --- [forja-api] [           main] o.f.core.internal.command.DbValidate     : Successfully validated 2 migrations (execution time 00:00.040s)
2026-08-20T16:33:03.025-03:00  INFO 37756 --- [forja-api] [           main] o.f.core.internal.command.DbMigrate      : Current version of schema "public": 2
2026-08-20T16:33:03.029-03:00  INFO 37756 --- [forja-api] [           main] o.f.core.internal.command.DbMigrate      : Schema "public" is up to date. No migration necessary.
2026-08-20T16:33:03.190-03:00  INFO 37756 --- [forja-api] [           main] o.hibernate.jpa.internal.util.LogHelper  : HHH000204: Processing PersistenceUnitInfo [name: default]
2026-08-20T16:33:03.296-03:00  INFO 37756 --- [forja-api] [           main] org.hibernate.Version                    : HHH000412: Hibernate ORM core version 6.5.3.Final
2026-08-20T16:33:03.345-03:00  INFO 37756 --- [forja-api] [           main] o.h.c.internal.RegionFactoryInitiator    : HHH000026: Second-level cache disabled
2026-08-20T16:33:03.503-03:00  INFO 37756 --- [forja-api] [           main] o.s.o.j.p.SpringPersistenceUnitInfo      : No LoadTimeWeaver setup: ignoring JPA class transformer
2026-08-20T16:33:04.974-03:00  INFO 37756 --- [forja-api] [           main] o.h.e.t.j.p.i.JtaPlatformInitiator       : HHH000489: No JTA platform available (set 'hibernate.transaction.jta.platform' to enable JTA platform integration)
2026-08-20T16:33:05.051-03:00  INFO 37756 --- [forja-api] [           main] j.LocalContainerEntityManagerFactoryBean : Initialized JPA EntityManagerFactory for persistence unit 'default'
2026-08-20T16:33:05.731-03:00  INFO 37756 --- [forja-api] [           main] o.s.d.j.r.query.QueryEnhancerFactory     : Hibernate is in classpath; If applicable, HQL parser will be used.
2026-08-20T16:33:06.531-03:00  WARN 37756 --- [forja-api] [           main] .s.s.UserDetailsServiceAutoConfiguration : 

Using generated security password: 1c28c4d0-187e-427a-959b-36df6b236d33

This generated password is for development use only. Your security configuration must be updated before running your application in production.

2026-08-20T16:33:06.542-03:00  INFO 37756 --- [forja-api] [           main] r$InitializeUserDetailsManagerConfigurer : Global AuthenticationManager configured with UserDetailsService bean with name inMemoryUserDetailsManager
2026-08-20T16:33:07.447-03:00  INFO 37756 --- [forja-api] [           main] o.s.b.t.m.w.SpringBootMockServletContext : Initializing Spring TestDispatcherServlet ''
2026-08-20T16:33:07.447-03:00  INFO 37756 --- [forja-api] [           main] o.s.t.web.servlet.TestDispatcherServlet  : Initializing Servlet ''
2026-08-20T16:33:07.449-03:00  INFO 37756 --- [forja-api] [           main] o.s.t.web.servlet.TestDispatcherServlet  : Completed initialization in 1 ms
2026-08-20T16:33:07.480-03:00  INFO 37756 --- [forja-api] [           main] c.f.web.AuthAndSecurityIntegrationTest   : Started AuthAndSecurityIntegrationTest in 8.325 seconds (process running for 12.478)
2026-08-20T16:33:07.595-03:00  INFO 37756 --- [forja-api] [           main] com.forja.seed.DataSeeder                : Seed Forja: base já populada — pulando.
]]></system-out>
  </testcase>
  <testcase name="openapiSpecIsAccessible" classname="com.forja.web.AuthAndSecurityIntegrationTest" time="0.865">
    <system-out><![CDATA[2026-08-20T16:33:09.117-03:00  INFO 37756 --- [forja-api] [           main] o.springdoc.api.AbstractOpenApiResource  : Init duration for springdoc-openapi is: 760 ms
]]></system-out>
  </testcase>
  <testcase name="registerWithInvalidPayloadReturnsValidationErrorWithFields" classname="com.forja.web.AuthAndSecurityIntegrationTest" time="0.078"/>
  <testcase name="userCannotAccessAnotherUsersRoutine" classname="com.forja.web.AuthAndSecurityIntegrationTest" time="0.417"/>
  <testcase name="loginWithInvalidCredentialsReturnsStandardizedUnauthorized" classname="com.forja.web.AuthAndSecurityIntegrationTest" time="0.016"/>
  <testcase name="unauthenticatedRequestIsRejectedWithStandardizedError" classname="com.forja.web.AuthAndSecurityIntegrationTest" time="0.008"/>
  <testcase name="userCannotPatchAnotherUsersSession" classname="com.forja.web.AuthAndSecurityIntegrationTest" time="0.33"/>
  <testcase name="profileUpdateWithInvalidPayloadReturnsValidationError" classname="com.forja.web.AuthAndSecurityIntegrationTest" time="0.17"/>
  <testcase name="readinessRejectsOutOfRangeValues" classname="com.forja.web.AuthAndSecurityIntegrationTest" time="0.139"/>
  <testcase name="registerReturnsTokenAndAllowsAccessToMe" classname="com.forja.web.AuthAndSecurityIntegrationTest" time="0.121"/>
</testsuite>